# JRE version: OpenJDK Runtime Environment (17.0.6) (build 17.0.6+0-b2043.56-10027231)
# Java VM: OpenJDK 64-Bit Server VM (17.0.6+0-b2043.56-10027231, mixed mode, tiered, compressed oops, compressed class ptrs, g1 gc, windows-amd64)
GC Precious Log:
 CPUs: 12 total, 12 available
 Memory: 16236M
 Large Page Support: Disabled
 NUMA Support: Disabled
 Compressed Oops: Enabled (32-bit)
 Heap Region Size: 1M
 Heap Min Capacity: 8M
 Heap Initial Capacity: 254M
 Heap Max Capacity: 2G
 Pre-touch: Disabled
 Parallel Workers: 10
 Concurrent Workers: 3
 Concurrent Refinement Workers: 10
 Periodic GC: Disabled
Heap:
 garbage-first heap   total 396288K, used 183010K [0x0000000080000000, 0x0000000100000000)
  region size 1024K, 3 young (3072K), 3 survivors (3072K)
 Metaspace       used 130439K, committed 131264K, reserved 1163264K
  class space    used 17819K, committed 18240K, reserved 1048576K
GC Heap History (20 events):
Event: 8.621 GC heap after
{Heap after GC invocations=36 (full 0):
 garbage-first heap   total 249856K, used 119305K [0x0000000080000000, 0x0000000100000000)
  region size 1024K, 1 young (1024K), 1 survivors (1024K)
 Metaspace       used 103628K, committed 104320K, reserved 1146880K
  class space    used 13822K, committed 14144K, reserved 1048576K
}
Event: 8.863 GC heap before
{Heap before GC invocations=36 (full 0):
 garbage-first heap   total 249856K, used 187913K [0x0000000080000000, 0x0000000100000000)
  region size 1024K, 69 young (70656K), 1 survivors (1024K)
 Metaspace       used 105320K, committed 106048K, reserved 1146880K
  class space    used 14010K, committed 14400K, reserved 1048576K
}
Event: 8.868 GC heap after
{Heap after GC invocations=37 (full 0):
 garbage-first heap   total 370688K, used 123384K [0x0000000080000000, 0x0000000100000000)
  region size 1024K, 5 young (5120K), 5 survivors (5120K)
 Metaspace       used 105320K, committed 106048K, reserved 1146880K
  class space    used 14010K, committed 14400K, reserved 1048576K
}
Event: 9.853 GC heap before
{Heap before GC invocations=38 (full 0):
 garbage-first heap   total 370688K, used 268792K [0x0000000080000000, 0x0000000100000000)
  region size 1024K, 148 young (151552K), 5 survivors (5120K)
 Metaspace       used 112474K, committed 113216K, reserved 1155072K
  class space    used 14898K, committed 15232K, reserved 1048576K
}
Event: 9.860 GC heap after
{Heap after GC invocations=39 (full 0):
 garbage-first heap   total 370688K, used 132605K [0x0000000080000000, 0x0000000100000000)
  region size 1024K, 14 young (14336K), 14 survivors (14336K)
 Metaspace       used 112474K, committed 113216K, reserved 1155072K
  class space    used 14898K, committed 15232K, reserved 1048576K
}
Event: 9.865 GC heap before
{Heap before GC invocations=39 (full 0):
 garbage-first heap   total 370688K, used 135677K [0x0000000080000000, 0x0000000100000000)
  region size 1024K, 18 young (18432K), 14 survivors (14336K)
 Metaspace       used 112508K, committed 113216K, reserved 1155072K
  class space    used 14901K, committed 15232K, reserved 1048576K
}
Event: 9.870 GC heap after
{Heap after GC invocations=40 (full 0):
 garbage-first heap   total 370688K, used 130238K [0x0000000080000000, 0x0000000100000000)
  region size 1024K, 2 young (2048K), 2 survivors (2048K)
 Metaspace       used 112508K, committed 113216K, reserved 1155072K
  class space    used 14901K, committed 15232K, reserved 1048576K
}
Event: 10.309 GC heap before
{Heap before GC invocations=40 (full 0):
 garbage-first heap   total 370688K, used 286910K [0x0000000080000000, 0x0000000100000000)
  region size 1024K, 154 young (157696K), 2 survivors (2048K)
 Metaspace       used 119515K, committed 120256K, reserved 1155072K
  class space    used 16006K, committed 16320K, reserved 1048576K
}
Event: 10.317 GC heap after
{Heap after GC invocations=41 (full 0):
 garbage-first heap   total 370688K, used 151747K [0x0000000080000000, 0x0000000100000000)
  region size 1024K, 20 young (20480K), 20 survivors (20480K)
 Metaspace       used 119515K, committed 120256K, reserved 1155072K
  class space    used 16006K, committed 16320K, reserved 1048576K
}
Event: 10.578 GC heap before
{Heap before GC invocations=41 (full 0):
 garbage-first heap   total 370688K, used 282819K [0x0000000080000000, 0x0000000100000000)
  region size 1024K, 149 young (152576K), 20 survivors (20480K)
 Metaspace       used 125845K, committed 126656K, reserved 1163264K
  class space    used 17080K, committed 17472K, reserved 1048576K
}
Event: 10.592 GC heap after
{Heap after GC invocations=42 (full 0):
 garbage-first heap   total 370688K, used 168735K [0x0000000080000000, 0x0000000100000000)
  region size 1024K, 19 young (19456K), 19 survivors (19456K)
 Metaspace       used 125845K, committed 126656K, reserved 1163264K
  class space    used 17080K, committed 17472K, reserved 1048576K
}
Event: 10.870 GC heap before
{Heap before GC invocations=43 (full 0):
 garbage-first heap   total 370688K, used 286495K [0x0000000080000000, 0x0000000100000000)
  region size 1024K, 134 young (137216K), 19 survivors (19456K)
 Metaspace       used 127937K, committed 128832K, reserved 1163264K
  class space    used 17468K, committed 17920K, reserved 1048576K
}
Event: 10.881 GC heap after
{Heap after GC invocations=44 (full 0):
 garbage-first heap   total 370688K, used 177875K [0x0000000080000000, 0x0000000100000000)
  region size 1024K, 8 young (8192K), 8 survivors (8192K)
 Metaspace       used 127937K, committed 128832K, reserved 1163264K
  class space    used 17468K, committed 17920K, reserved 1048576K
}
Event: 10.897 GC heap before
{Heap before GC invocations=44 (full 0):
 garbage-first heap   total 370688K, used 187091K [0x0000000080000000, 0x0000000100000000)
  region size 1024K, 18 young (18432K), 8 survivors (8192K)
 Metaspace       used 128082K, committed 128960K, reserved 1163264K
  class space    used 17501K, committed 17920K, reserved 1048576K
}
Event: 10.904 GC heap after
{Heap after GC invocations=45 (full 0):
 garbage-first heap   total 370688K, used 174671K [0x0000000080000000, 0x0000000100000000)
  region size 1024K, 2 young (2048K), 2 survivors (2048K)
 Metaspace       used 128082K, committed 128960K, reserved 1163264K
  class space    used 17501K, committed 17920K, reserved 1048576K
}
Event: 11.089 GC heap before
{Heap before GC invocations=45 (full 0):
 garbage-first heap   total 370688K, used 293455K [0x0000000080000000, 0x0000000100000000)
  region size 1024K, 118 young (120832K), 2 survivors (2048K)
 Metaspace       used 129611K, committed 130432K, reserved 1163264K
  class space    used 17740K, committed 18176K, reserved 1048576K
}
Event: 11.094 GC heap after
{Heap after GC invocations=46 (full 0):
 garbage-first heap   total 370688K, used 179351K [0x0000000080000000, 0x0000000100000000)
  region size 1024K, 7 young (7168K), 7 survivors (7168K)
 Metaspace       used 129611K, committed 130432K, reserved 1163264K
  class space    used 17740K, committed 18176K, reserved 1048576K
}
Event: 11.296 GC heap before
{Heap before GC invocations=47 (full 0):
 garbage-first heap   total 396288K, used 297111K [0x0000000080000000, 0x0000000100000000)
  region size 1024K, 123 young (125952K), 7 survivors (7168K)
 Metaspace       used 130431K, committed 131264K, reserved 1163264K
  class space    used 17818K, committed 18240K, reserved 1048576K
}
Event: 11.303 GC heap after
{Heap after GC invocations=48 (full 0):
 garbage-first heap   total 396288K, used 186701K [0x0000000080000000, 0x0000000100000000)
  region size 1024K, 14 young (14336K), 14 survivors (14336K)
 Metaspace       used 130431K, committed 131264K, reserved 1163264K
  class space    used 17818K, committed 18240K, reserved 1048576K
}
Event: 11.311 GC heap before
{Heap before GC invocations=48 (full 0):
 garbage-first heap   total 396288K, used 191821K [0x0000000080000000, 0x0000000100000000)
  region size 1024K, 19 young (19456K), 14 survivors (14336K)
 Metaspace       used 130439K, committed 131264K, reserved 1163264K
  class space    used 17819K, committed 18240K, reserved 1048576K
}

