# JRE version: OpenJDK Runtime Environment (17.0.6) (build 17.0.6+0-b2043.56-10027231)
# Java VM: OpenJDK 64-Bit Server VM (17.0.6+0-b2043.56-10027231, mixed mode, tiered, compressed oops, compressed class ptrs, g1 gc, windows-amd64)
GC Precious Log:
 CPUs: 12 total, 12 available
 Memory: 16236M
 Large Page Support: Disabled
 NUMA Support: Disabled
 Compressed Oops: Enabled (Zero based)
 Heap Region Size: 2M
 Heap Min Capacity: 8M
 Heap Initial Capacity: 254M
 Heap Max Capacity: 4060M
 Pre-touch: Disabled
 Parallel Workers: 10
 Concurrent Workers: 3
 Concurrent Refinement Workers: 10
 Periodic GC: Disabled
Heap:
 garbage-first heap   total 217088K, used 123746K [0x0000000702400000, 0x0000000800000000)
  region size 2048K, 28 young (57344K), 4 survivors (8192K)
 Metaspace       used 85129K, committed 85504K, reserved 1130496K
  class space    used 9759K, committed 9920K, reserved 1048576K
GC Heap History (20 events):
Event: 1.248 GC heap before
{Heap before GC invocations=6 (full 0):
 garbage-first heap   total 49152K, used 35270K [0x0000000702400000, 0x0000000800000000)
  region size 2048K, 9 young (18432K), 2 survivors (4096K)
 Metaspace       used 33763K, committed 34048K, reserved 1081344K
  class space    used 4289K, committed 4416K, reserved 1048576K
}
Event: 1.256 GC heap after
{Heap after GC invocations=7 (full 0):
 garbage-first heap   total 49152K, used 23814K [0x0000000702400000, 0x0000000800000000)
  region size 2048K, 2 young (4096K), 2 survivors (4096K)
 Metaspace       used 33763K, committed 34048K, reserved 1081344K
  class space    used 4289K, committed 4416K, reserved 1048576K
}
Event: 1.340 GC heap before
{Heap before GC invocations=7 (full 0):
 garbage-first heap   total 49152K, used 29958K [0x0000000702400000, 0x0000000800000000)
  region size 2048K, 6 young (12288K), 2 survivors (4096K)
 Metaspace       used 35771K, committed 35968K, reserved 1081344K
  class space    used 4511K, committed 4608K, reserved 1048576K
}
Event: 1.344 GC heap after
{Heap after GC invocations=8 (full 0):
 garbage-first heap   total 49152K, used 24738K [0x0000000702400000, 0x0000000800000000)
  region size 2048K, 1 young (2048K), 1 survivors (2048K)
 Metaspace       used 35771K, committed 35968K, reserved 1081344K
  class space    used 4511K, committed 4608K, reserved 1048576K
}
Event: 1.435 GC heap before
{Heap before GC invocations=9 (full 0):
 garbage-first heap   total 49152K, used 34978K [0x0000000702400000, 0x0000000800000000)
  region size 2048K, 6 young (12288K), 1 survivors (2048K)
 Metaspace       used 37201K, committed 37440K, reserved 1081344K
  class space    used 4687K, committed 4800K, reserved 1048576K
}
Event: 1.438 GC heap after
{Heap after GC invocations=10 (full 0):
 garbage-first heap   total 155648K, used 24386K [0x0000000702400000, 0x0000000800000000)
  region size 2048K, 1 young (2048K), 1 survivors (2048K)
 Metaspace       used 37201K, committed 37440K, reserved 1081344K
  class space    used 4687K, committed 4800K, reserved 1048576K
}
Event: 1.472 GC heap before
{Heap before GC invocations=10 (full 0):
 garbage-first heap   total 155648K, used 28482K [0x0000000702400000, 0x0000000800000000)
  region size 2048K, 3 young (6144K), 1 survivors (2048K)
 Metaspace       used 38116K, committed 38400K, reserved 1089536K
  class space    used 4789K, committed 4928K, reserved 1048576K
}
Event: 1.475 GC heap after
{Heap after GC invocations=11 (full 0):
 garbage-first heap   total 155648K, used 24744K [0x0000000702400000, 0x0000000800000000)
  region size 2048K, 1 young (2048K), 1 survivors (2048K)
 Metaspace       used 38116K, committed 38400K, reserved 1089536K
  class space    used 4789K, committed 4928K, reserved 1048576K
}
Event: 2.078 GC heap before
{Heap before GC invocations=11 (full 0):
 garbage-first heap   total 155648K, used 100520K [0x0000000702400000, 0x0000000800000000)
  region size 2048K, 37 young (75776K), 1 survivors (2048K)
 Metaspace       used 49801K, committed 50048K, reserved 1097728K
  class space    used 5994K, committed 6080K, reserved 1048576K
}
Event: 2.083 GC heap after
{Heap after GC invocations=12 (full 0):
 garbage-first heap   total 155648K, used 32805K [0x0000000702400000, 0x0000000800000000)
  region size 2048K, 4 young (8192K), 4 survivors (8192K)
 Metaspace       used 49801K, committed 50048K, reserved 1097728K
  class space    used 5994K, committed 6080K, reserved 1048576K
}
Event: 2.821 GC heap before
{Heap before GC invocations=12 (full 0):
 garbage-first heap   total 155648K, used 104485K [0x0000000702400000, 0x0000000800000000)
  region size 2048K, 39 young (79872K), 4 survivors (8192K)
 Metaspace       used 56091K, committed 56384K, reserved 1105920K
  class space    used 6599K, committed 6720K, reserved 1048576K
}
Event: 2.834 GC heap after
{Heap after GC invocations=13 (full 0):
 garbage-first heap   total 155648K, used 44039K [0x0000000702400000, 0x0000000800000000)
  region size 2048K, 5 young (10240K), 5 survivors (10240K)
 Metaspace       used 56091K, committed 56384K, reserved 1105920K
  class space    used 6599K, committed 6720K, reserved 1048576K
}
Event: 3.275 GC heap before
{Heap before GC invocations=13 (full 0):
 garbage-first heap   total 155648K, used 105479K [0x0000000702400000, 0x0000000800000000)
  region size 2048K, 36 young (73728K), 5 survivors (10240K)
 Metaspace       used 59883K, committed 60096K, reserved 1105920K
  class space    used 7129K, committed 7232K, reserved 1048576K
}
Event: 3.290 GC heap after
{Heap after GC invocations=14 (full 0):
 garbage-first heap   total 155648K, used 52616K [0x0000000702400000, 0x0000000800000000)
  region size 2048K, 4 young (8192K), 4 survivors (8192K)
 Metaspace       used 59883K, committed 60096K, reserved 1105920K
  class space    used 7129K, committed 7232K, reserved 1048576K
}
Event: 4.191 GC heap before
{Heap before GC invocations=15 (full 0):
 garbage-first heap   total 155648K, used 112008K [0x0000000702400000, 0x0000000800000000)
  region size 2048K, 33 young (67584K), 4 survivors (8192K)
 Metaspace       used 68027K, committed 68352K, reserved 1114112K
  class space    used 8044K, committed 8192K, reserved 1048576K
}
Event: 4.204 GC heap after
{Heap after GC invocations=16 (full 0):
 garbage-first heap   total 155648K, used 61682K [0x0000000702400000, 0x0000000800000000)
  region size 2048K, 5 young (10240K), 5 survivors (10240K)
 Metaspace       used 68027K, committed 68352K, reserved 1114112K
  class space    used 8044K, committed 8192K, reserved 1048576K
}
Event: 4.801 GC heap before
{Heap before GC invocations=17 (full 0):
 garbage-first heap   total 155648K, used 114930K [0x0000000702400000, 0x0000000800000000)
  region size 2048K, 31 young (63488K), 5 survivors (10240K)
 Metaspace       used 76142K, committed 76480K, reserved 1122304K
  class space    used 8933K, committed 9088K, reserved 1048576K
}
Event: 4.814 GC heap after
{Heap after GC invocations=18 (full 0):
 garbage-first heap   total 155648K, used 69189K [0x0000000702400000, 0x0000000800000000)
  region size 2048K, 4 young (8192K), 4 survivors (8192K)
 Metaspace       used 76142K, committed 76480K, reserved 1122304K
  class space    used 8933K, committed 9088K, reserved 1048576K
}
Event: 5.240 GC heap before
{Heap before GC invocations=18 (full 0):
 garbage-first heap   total 155648K, used 118341K [0x0000000702400000, 0x0000000800000000)
  region size 2048K, 28 young (57344K), 4 survivors (8192K)
 Metaspace       used 80646K, committed 80960K, reserved 1122304K
  class space    used 9386K, committed 9536K, reserved 1048576K
}
Event: 5.253 GC heap after
{Heap after GC invocations=19 (full 0):
 garbage-first heap   total 217088K, used 76642K [0x0000000702400000, 0x0000000800000000)
  region size 2048K, 4 young (8192K), 4 survivors (8192K)
 Metaspace       used 80646K, committed 80960K, reserved 1122304K
  class space    used 9386K, committed 9536K, reserved 1048576K
}

